[2014-04-14 09:14:05] START
[2014-04-14 09:14:05] EDIT project/controllers/default.py: 2
[2014-04-14 09:14:30] EDIT project/controllers/default.py: 0
[2014-04-14 09:15:33] EDIT project/controllers/default.py: 0
[2014-04-14 09:15:47] EDIT project/controllers/default.py: 0
[2014-04-14 09:17:31] EDIT project/controllers/default.py: 0
[2014-04-14 09:28:26] EDIT project/controllers/default.py: 0
[2014-04-14 09:32:58] EDIT project/views/meet/startmeeting.html: 0
[2014-04-14 09:33:28] EDIT project/views/meet/startmeeting.html: 0
[2014-04-14 09:33:39] EDIT project/views/meet/startmeeting.html: 0
[2014-04-14 09:33:50] EDIT project/views/meet/startmeeting.html: 0
[2014-04-14 09:34:05] EDIT project/views/meet/startmeeting.html: 0
[2014-04-14 09:40:03] EDIT project/views/meet/startmeeting.html: 1
[2014-04-14 09:40:57] EDIT project/views/meet/startmeeting.html: 0
[2014-04-14 09:58:23] EDIT project/views/meet/startmeeting.html: 0
[2014-04-14 10:03:47] EDIT project/views/meet/startmeeting.html: 0
[2014-04-14 10:04:47] EDIT project/views/meet/startmeeting.html: 0
[2014-04-14 10:05:39] EDIT project/views/meet/startmeeting.html: 0
[2014-04-14 10:05:55] EDIT project/views/meet/startmeeting.html: 0
[2014-04-14 10:07:36] EDIT project/views/meet/startmeeting.html: 2
[2014-04-14 10:08:17] EDIT project/views/meet/startmeeting.html: 0
[2014-04-14 10:10:26] EDIT project/views/meet/startmeeting.html: 0
[2014-04-14 10:10:53] EDIT project/views/meet/startmeeting.html: 0
[2014-04-14 10:12:35] EDIT project/views/meet/startmeeting.html: 0
[2014-04-14 10:12:52] EDIT project/views/meet/startmeeting.html: 0
[2014-04-14 10:13:04] EDIT project/views/meet/startmeeting.html: 0
[2014-04-14 10:13:19] EDIT project/views/meet/startmeeting.html: 0
[2014-04-14 10:13:35] EDIT project/views/meet/startmeeting.html: 0
[2014-04-14 10:13:51] EDIT project/views/meet/startmeeting.html: 0
[2014-04-14 10:14:19] EDIT project/views/meet/startmeeting.html: 0
[2014-04-14 10:15:13] EDIT project/views/meet/startmeeting.html: 0
[2014-04-14 10:15:24] EDIT project/views/meet/startmeeting.html: 0
[2014-04-14 10:15:35] EDIT project/views/meet/startmeeting.html: 0
[2014-04-14 10:16:56] EDIT project/views/meet/startmeeting.html: 0
[2014-04-14 10:17:11] EDIT project/views/meet/startmeeting.html: 0
[2014-04-14 10:18:16] EDIT project/views/meet/startmeeting.html: 0
[2014-04-14 10:18:28] EDIT project/views/meet/startmeeting.html: 0
[2014-04-14 10:18:36] EDIT project/views/meet/startmeeting.html: 0
[2014-04-14 10:18:44] EDIT project/views/meet/startmeeting.html: 0
[2014-04-14 10:18:53] EDIT project/views/meet/startmeeting.html: 0
[2014-04-14 10:19:03] EDIT project/views/meet/startmeeting.html: 0
[2014-04-14 10:19:15] EDIT project/views/meet/startmeeting.html: 0
[2014-04-14 10:19:37] EDIT project/views/meet/startmeeting.html: 0
[2014-04-14 10:20:19] EDIT project/views/meet/startmeeting.html: 0
[2014-04-14 10:20:50] EDIT project/views/meet/startmeeting.html: 0
[2014-04-14 10:21:06] EDIT project/views/meet/startmeeting.html: 0
[2014-04-14 10:21:13] EDIT project/views/meet/startmeeting.html: 0
[2014-04-14 10:21:39] EDIT project/views/meet/startmeeting.html: 0
[2014-04-14 10:24:12] EDIT project/views/meet/startmeeting.html: 0
[2014-04-14 10:24:27] EDIT project/views/meet/startmeeting.html: 0
[2014-04-14 10:30:55] EDIT project/views/meet/startmeeting.html: 0
[2014-04-14 10:31:04] EDIT project/views/meet/startmeeting.html: 0
[2014-04-14 10:31:19] EDIT project/views/meet/startmeeting.html: 0
[2014-04-14 10:31:48] EDIT project/views/meet/startmeeting.html: 0
[2014-04-14 10:31:57] EDIT project/views/meet/startmeeting.html: 0
[2014-04-14 10:32:06] EDIT project/views/meet/startmeeting.html: 0
[2014-04-14 10:32:30] EDIT project/views/meet/startmeeting.html: 0
[2014-04-14 10:32:43] EDIT project/views/meet/startmeeting.html: 0
[2014-04-14 10:34:19] EDIT project/views/meet/startmeeting.html: 0
[2014-04-14 10:34:31] EDIT project/views/meet/startmeeting.html: 0
[2014-04-14 10:34:45] EDIT project/views/meet/startmeeting.html: 0
[2014-04-14 10:39:44] EDIT project/views/meet/startmeeting.html: 0
[2014-04-14 10:40:09] EDIT project/views/meet/startmeeting.html: 0
[2014-04-14 10:40:20] EDIT project/views/meet/startmeeting.html: 0
[2014-04-14 10:41:49] EDIT project/views/meet/startmeeting.html: 0
[2014-04-14 10:42:06] EDIT project/views/meet/startmeeting.html: 0
[2014-04-14 10:42:21] EDIT project/views/meet/startmeeting.html: 0
[2014-04-14 10:42:32] EDIT project/views/meet/startmeeting.html: 0
[2014-04-14 10:42:35] EDIT project/views/meet/startmeeting.html: 0
[2014-04-14 10:42:59] EDIT project/views/meet/startmeeting.html: 0
[2014-04-14 10:44:01] EDIT project/views/meet/startmeeting.html: 0
[2014-04-14 10:46:31] EDIT project/views/meet/startmeeting.html: 0
[2014-04-14 10:47:02] EDIT project/views/meet/startmeeting.html: 0
[2014-04-14 10:47:24] EDIT project/views/meet/startmeeting.html: 0
[2014-04-14 10:49:30] EDIT project/views/layout.html: 0
[2014-04-14 10:50:24] EDIT project/views/layout.html: 0
[2014-04-14 10:51:00] EDIT project/views/meet/startmeeting.html: 0
[2014-04-14 10:51:06] EDIT project/views/meet/startmeeting.html: 0
[2014-04-14 11:12:03] EDIT project/views/layout.html: 0
[2014-04-14 11:13:06] EDIT project/views/layout.html: 0
[2014-04-14 11:14:50] EDIT project/views/layout.html: 1
[2014-04-14 11:15:23] EDIT project/views/layout.html: -1
[2014-04-14 11:16:08] EDIT project/views/layout.html: 0
[2014-04-14 11:17:07] EDIT project/views/layout.html: 0
[2014-04-14 11:19:44] EDIT project/views/meet/index.html: 0
[2014-04-14 11:19:59] EDIT project/views/meet/index.html: 0
[2014-04-14 11:20:25] EDIT project/views/meet/index.html: 0
[2014-04-14 11:20:50] EDIT project/views/meet/index.html: 0
[2014-04-14 11:21:20] EDIT project/views/meet/index.html: 0
[2014-04-14 11:21:49] EDIT project/views/meet/index.html: 0
[2014-04-14 11:22:03] EDIT project/views/meet/index.html: 0
[2014-04-14 11:22:14] EDIT project/views/meet/index.html: 0
[2014-04-14 11:22:36] EDIT project/views/meet/index.html: 0
[2014-04-14 11:22:45] EDIT project/views/meet/index.html: 0
[2014-04-14 11:23:39] EDIT project/views/meet/index.html: 0
[2014-04-14 11:31:24] EDIT project/views/meet/fourth.html: 2
[2014-04-14 11:32:07] EDIT project/views/meet/fourth.html: 0
[2014-04-14 11:32:19] EDIT project/views/meet/fourth.html: 0
[2014-04-14 11:32:41] EDIT project/views/meet/fourth.html: 0
[2014-04-14 11:32:49] EDIT project/views/meet/fourth.html: 0
[2014-04-14 11:35:23] EDIT project/controllers/meet.py: 2
[2014-04-14 11:35:43] EDIT project/controllers/meet.py: 0
[2014-04-14 11:36:12] EDIT project/controllers/meet.py: 0
[2014-04-14 11:36:42] EDIT project/controllers/meet.py: 0
[2014-04-14 11:37:03] EDIT project/controllers/meet.py: 0
[2014-04-14 11:38:01] EDIT project/controllers/meet.py: 0
[2014-04-14 11:38:31] EDIT project/controllers/meet.py: 0
[2014-04-14 11:38:38] EDIT project/controllers/meet.py: 0
[2014-04-14 11:38:44] EDIT project/controllers/meet.py: 0
[2014-04-14 11:38:51] EDIT project/controllers/meet.py: 0
[2014-04-14 11:39:21] EDIT project/controllers/meet.py: 0
[2014-04-14 11:40:48] EDIT project/controllers/meet.py: -2
[2014-04-14 11:41:06] EDIT project/controllers/meet.py: 0
[2014-04-14 11:41:11] EDIT project/controllers/meet.py: 0
[2014-04-14 11:43:02] EDIT project/views/meet/fileupload.html: 2
[2014-04-14 11:52:15] EDIT project/views/meet/index.html: 0
[2014-04-14 12:05:49] EDIT project/views/meet/startmeeting.html: 0
[2014-04-14 12:06:33] EDIT project/views/meet/startmeeting.html: 0
[2014-04-14 12:07:01] EDIT project/views/meet/startmeeting.html: 0
[2014-04-14 12:09:36] EDIT project/views/meet/startmeeting.html: 0
[2014-04-14 12:09:47] EDIT project/views/meet/startmeeting.html: 0
[2014-04-14 12:10:28] EDIT project/views/meet/startmeeting.html: 0
[2014-04-14 12:10:50] EDIT project/views/meet/startmeeting.html: 0
[2014-04-14 12:12:29] EDIT project/views/meet/index.html: 2
[2014-04-14 12:15:13] EDIT project/views/meet/index.html: 0
[2014-04-14 12:17:15] EDIT project/views/meet/index.html: -2
[2014-04-14 12:31:41] EDIT project/views/meet/index.html: 0
[2014-04-14 12:32:06] EDIT project/views/meet/index.html: 0
[2014-04-14 12:32:20] EDIT project/views/meet/index.html: 0
[2014-04-14 12:33:14] EDIT project/views/meet/index.html: 0
[2014-04-14 12:34:25] EDIT project/views/meet/index.html: 0
[2014-04-14 12:34:44] EDIT project/views/meet/index.html: 0
[2014-04-14 12:34:52] EDIT project/views/meet/index.html: 0
[2014-04-14 12:35:00] EDIT project/views/meet/index.html: 0
[2014-04-14 12:35:18] EDIT project/views/meet/index.html: 0
[2014-04-14 12:36:58] EDIT project/views/meet/index.html: 0
[2014-04-14 12:39:25] EDIT project/views/meet/fourth.html: 0
[2014-04-14 12:57:12] EDIT project/views/meet/fourth.html: 0
[2014-04-14 13:01:16] EDIT project/views/meet/startmeeting.html: 0
[2014-04-14 13:02:53] EDIT project/views/meet/startmeeting.html: 0
[2014-04-14 13:09:08] EDIT project/controllers/meet.py: 2
[2014-04-14 13:09:37] EDIT project/views/meet/startmeeting.html: 0
[2014-04-14 13:10:38] EDIT project/views/meet/startmeeting.html: 0
[2014-04-14 13:11:14] EDIT project/controllers/meet.py: 0
[2014-04-14 13:11:44] EDIT project/controllers/meet.py: 1
[2014-04-14 13:12:10] EDIT project/controllers/meet.py: 0
[2014-04-14 13:13:42] EDIT project/controllers/meet.py: 0
[2014-04-18 09:06:59] EDIT project/views/layout.html: 0
[2014-04-18 09:07:16] EDIT project/views/layout.html: -1
[2014-04-18 09:07:41] EDIT project/views/layout.html: 0
[2014-04-18 09:08:35] EDIT project/views/layout.html: 0
[2014-04-18 09:09:08] EDIT project/views/layout.html: 0
[2014-04-18 09:17:23] EDIT project/views/layout.html: 0
[2014-04-18 09:18:57] EDIT project/views/layout.html: 0
[2014-04-18 09:22:00] EDIT project/views/layout.html: 0
[2014-04-18 09:22:17] EDIT project/views/layout.html: 0
[2014-04-18 09:23:11] EDIT project/views/layout.html: 0
[2014-04-18 09:23:50] EDIT project/views/layout.html: 0
[2014-04-18 09:25:09] EDIT project/views/layout.html: 0
[2014-04-18 09:25:25] EDIT project/views/layout.html: 0
[2014-04-18 09:27:21] EDIT project/views/layout.html: -1
[2014-04-18 09:27:49] EDIT project/views/layout.html: 1
[2014-04-18 09:29:03] EDIT project/views/layout.html: 0
[2014-04-18 09:29:11] EDIT project/views/layout.html: 0
[2014-04-18 09:31:11] EDIT project/views/default/user.html: 0
[2014-04-18 09:37:47] EDIT project/views/meet/fourth.html: 0
[2014-04-18 09:38:01] EDIT project/views/meet/fourth.html: 0
[2014-04-18 09:39:03] EDIT project/views/meet/fourth.html: 0
[2014-04-18 09:39:24] EDIT project/views/meet/fourth.html: 0
[2014-04-18 09:39:38] EDIT project/views/meet/fourth.html: 0
[2014-04-18 09:40:10] EDIT project/views/meet/fourth.html: 0
[2014-04-18 09:41:39] EDIT project/views/meet/fourth.html: 0
[2014-04-18 09:42:51] EDIT project/views/meet/fourth.html: 0
[2014-04-18 09:44:02] EDIT project/views/meet/fourth.html: 0
[2014-04-18 09:44:17] EDIT project/views/meet/fourth.html: 0
[2014-04-18 09:44:28] EDIT project/views/meet/fourth.html: 0
